Traceback (most recent call last):
  File "/home/eduvela/anaconda3/envs/jbook/lib/python3.10/site-packages/jupyter_cache/executors/utils.py", line 51, in single_nb_execution
    executenb(
  File "/home/eduvela/anaconda3/envs/jbook/lib/python3.10/site-packages/nbclient/client.py", line 1093, in execute
    return NotebookClient(nb=nb, resources=resources, km=km, **kwargs).execute()
  File "/home/eduvela/anaconda3/envs/jbook/lib/python3.10/site-packages/nbclient/util.py", line 84, in wrapped
    return just_run(coro(*args, **kwargs))
  File "/home/eduvela/anaconda3/envs/jbook/lib/python3.10/site-packages/nbclient/util.py", line 62, in just_run
    return loop.run_until_complete(coro)
  File "/home/eduvela/anaconda3/envs/jbook/lib/python3.10/asyncio/base_events.py", line 641, in run_until_complete
    return future.result()
  File "/home/eduvela/anaconda3/envs/jbook/lib/python3.10/site-packages/nbclient/client.py", line 559, in async_execute
    await self.async_execute_cell(
  File "/home/eduvela/anaconda3/envs/jbook/lib/python3.10/site-packages/nbclient/client.py", line 854, in async_execute_cell
    self._check_raise_for_error(cell, exec_reply)
  File "/home/eduvela/anaconda3/envs/jbook/lib/python3.10/site-packages/nbclient/client.py", line 756, in _check_raise_for_error
    raise CellExecutionError.from_cell_and_msg(cell, exec_reply_content)
nbclient.exceptions.CellExecutionError: An error occurred while executing the following cell:
------------------
#Proyecciones de las superficies de Fermi en los planos canonicos 
fig = plt.figure(figsize=(15, 5), dpi=100)
fig.tight_layout(pad=0.4, w_pad=2.0, h_pad=2.0)
X=['x', 'y', 'z']
l = len(X)
k=1
for m0 in range( len(mesh)):
    for i in range( l):
        for j in range( l):
            if (j > i ):
                ax = fig.add_subplot(1, l, k)
                ax.scatter( mesh[m0].T[i],mesh[m0].T[j])
                ax.set_xlabel(f'$k_{X[i]}$', fontsize = 14)
                ax.set_xticks([-0.5, -0.25, 0, 0.25, 0.5])
                ax.set_xticklabels([r'$-\pi$', r'$-\pi/2$', r'0', r'$\pi/2$', r'$\pi$'])
                ax.set_ylabel(f'$k_{X[j]}$', fontsize = 14)
                ax.set_yticks([-0.5, -0.25, 0, 0.25, 0.5])
                ax.set_yticklabels([r'$-\pi$', r'$-\pi/2$', r'0', r'$\pi/2$', r'$\pi$'])
                k+=1

    fig.savefig(f'FBSTrNL_m{m0}_mz0.png', bbox_inches ='tight')
    plt.show()
------------------

[0;31m---------------------------------------------------------------------------[0m
[0;31mValueError[0m                                Traceback (most recent call last)
[0;32m/tmp/ipykernel_3747/1445452215.py[0m in [0;36m<module>[0;34m[0m
[1;32m      9[0m         [0;32mfor[0m [0mj[0m [0;32min[0m [0mrange[0m[0;34m([0m [0ml[0m[0;34m)[0m[0;34m:[0m[0;34m[0m[0;34m[0m[0m
[1;32m     10[0m             [0;32mif[0m [0;34m([0m[0mj[0m [0;34m>[0m [0mi[0m [0;34m)[0m[0;34m:[0m[0;34m[0m[0;34m[0m[0m
[0;32m---> 11[0;31m                 [0max[0m [0;34m=[0m [0mfig[0m[0;34m.[0m[0madd_subplot[0m[0;34m([0m[0;36m1[0m[0;34m,[0m [0ml[0m[0;34m,[0m [0mk[0m[0;34m)[0m[0;34m[0m[0;34m[0m[0m
[0m[1;32m     12[0m                 [0max[0m[0;34m.[0m[0mscatter[0m[0;34m([0m [0mmesh[0m[0;34m[[0m[0mm0[0m[0;34m][0m[0;34m.[0m[0mT[0m[0;34m[[0m[0mi[0m[0;34m][0m[0;34m,[0m[0mmesh[0m[0;34m[[0m[0mm0[0m[0;34m][0m[0;34m.[0m[0mT[0m[0;34m[[0m[0mj[0m[0;34m][0m[0;34m)[0m[0;34m[0m[0;34m[0m[0m
[1;32m     13[0m                 [0max[0m[0;34m.[0m[0mset_xlabel[0m[0;34m([0m[0;34mf'$k_{X[i]}$'[0m[0;34m,[0m [0mfontsize[0m [0;34m=[0m [0;36m14[0m[0;34m)[0m[0;34m[0m[0;34m[0m[0m

[0;32m~/anaconda3/envs/jbook/lib/python3.10/site-packages/matplotlib/figure.py[0m in [0;36madd_subplot[0;34m(self, *args, **kwargs)[0m
[1;32m    770[0m             projection_class, pkw = self._process_projection_requirements(
[1;32m    771[0m                 *args, **kwargs)
[0;32m--> 772[0;31m             [0max[0m [0;34m=[0m [0msubplot_class_factory[0m[0;34m([0m[0mprojection_class[0m[0;34m)[0m[0;34m([0m[0mself[0m[0;34m,[0m [0;34m*[0m[0margs[0m[0;34m,[0m [0;34m**[0m[0mpkw[0m[0;34m)[0m[0;34m[0m[0;34m[0m[0m
[0m[1;32m    773[0m             [0mkey[0m [0;34m=[0m [0;34m([0m[0mprojection_class[0m[0;34m,[0m [0mpkw[0m[0;34m)[0m[0;34m[0m[0;34m[0m[0m
[1;32m    774[0m         [0;32mreturn[0m [0mself[0m[0;34m.[0m[0m_add_axes_internal[0m[0;34m([0m[0max[0m[0;34m,[0m [0mkey[0m[0;34m)[0m[0;34m[0m[0;34m[0m[0m

[0;32m~/anaconda3/envs/jbook/lib/python3.10/site-packages/matplotlib/axes/_subplots.py[0m in [0;36m__init__[0;34m(self, fig, *args, **kwargs)[0m
[1;32m     34[0m         [0mself[0m[0;34m.[0m[0m_axes_class[0m[0;34m.[0m[0m__init__[0m[0;34m([0m[0mself[0m[0;34m,[0m [0mfig[0m[0;34m,[0m [0;34m[[0m[0;36m0[0m[0;34m,[0m [0;36m0[0m[0;34m,[0m [0;36m1[0m[0;34m,[0m [0;36m1[0m[0;34m][0m[0;34m,[0m [0;34m**[0m[0mkwargs[0m[0;34m)[0m[0;34m[0m[0;34m[0m[0m
[1;32m     35[0m         [0;31m# This will also update the axes position.[0m[0;34m[0m[0;34m[0m[0m
[0;32m---> 36[0;31m         [0mself[0m[0;34m.[0m[0mset_subplotspec[0m[0;34m([0m[0mSubplotSpec[0m[0;34m.[0m[0m_from_subplot_args[0m[0;34m([0m[0mfig[0m[0;34m,[0m [0margs[0m[0;34m)[0m[0;34m)[0m[0;34m[0m[0;34m[0m[0m
[0m[1;32m     37[0m [0;34m[0m[0m
[1;32m     38[0m     @_api.deprecated(

[0;32m~/anaconda3/envs/jbook/lib/python3.10/site-packages/matplotlib/gridspec.py[0m in [0;36m_from_subplot_args[0;34m(figure, args)[0m
[1;32m    604[0m         [0;32melse[0m[0;34m:[0m[0;34m[0m[0;34m[0m[0m
[1;32m    605[0m             [0;32mif[0m [0;32mnot[0m [0misinstance[0m[0;34m([0m[0mnum[0m[0;34m,[0m [0mIntegral[0m[0;34m)[0m [0;32mor[0m [0mnum[0m [0;34m<[0m [0;36m1[0m [0;32mor[0m [0mnum[0m [0;34m>[0m [0mrows[0m[0;34m*[0m[0mcols[0m[0;34m:[0m[0;34m[0m[0;34m[0m[0m
[0;32m--> 606[0;31m                 raise ValueError(
[0m[1;32m    607[0m                     f"num must be 1 <= num <= {rows*cols}, not {num!r}")
[1;32m    608[0m             [0mi[0m [0;34m=[0m [0mj[0m [0;34m=[0m [0mnum[0m[0;34m[0m[0;34m[0m[0m

[0;31mValueError[0m: num must be 1 <= num <= 3, not 4
ValueError: num must be 1 <= num <= 3, not 4

